2012-04-09 16:42:02 Error: [MissingConnectionException] Database connection "SQLSTATE[42000] [1049] Unknown database 'database_name'" is missing, or could not be created.
#0 C:\workspace\caketest\lib\Cake\Model\Datasource\DboSource.php(245): Mysql->connect()
#1 C:\workspace\caketest\lib\Cake\Model\ConnectionManager.php(101): DboSource->__construct(Array)
#2 C:\workspace\caketest\lib\Cake\Model\Model.php(3372): ConnectionManager::getDataSource('default')
#3 C:\workspace\caketest\lib\Cake\Model\Model.php(1083): Model->setDataSource('default')
#4 C:\workspace\caketest\lib\Cake\Model\Model.php(3398): Model->setSource('Member')
#5 C:\workspace\caketest\lib\Cake\Model\Model.php(1276): Model->getDataSource()
#6 C:\workspace\caketest\lib\Cake\View\Helper\FormHelper.php(191): Model->schema()
#7 C:\workspace\caketest\lib\Cake\View\Helper\FormHelper.php(444): FormHelper->_introspectModel('Member', 'fields')
#8 C:\workspace\caketest\app\admin\tmp\smarty\compile\a08f0669af799b12a082ba57070948611b9b6c4a.file.index.tpl.php(29): FormHelper->create('Member', Array)
#9 C:\workspace\caketest\vendors\smarty\sysplugins\smarty_internal_templatebase.php(180): content_4f82f53a8a0ac8_10845463(Object(Smarty_Internal_Template))
#10 C:\workspace\caketest\vendors\smarty\sysplugins\smarty_internal_templatebase.php(374): Smarty_Internal_TemplateBase->fetch('C:\workspace\ca...', NULL, NULL, NULL, true)
#11 C:\workspace\caketest\app\View\SmartyView.php(53): Smarty_Internal_TemplateBase->display('C:\workspace\ca...')
#12 C:\workspace\caketest\lib\Cake\View\View.php(463): SmartyView->_render('C:\workspace\ca...')
#13 C:\workspace\caketest\lib\Cake\Controller\Controller.php(959): View->render(NULL, NULL)
#14 C:\workspace\caketest\lib\Cake\Routing\Dispatcher.php(110): Controller->render()
#15 C:\workspace\caketest\lib\Cake\Routing\Dispatcher.php(85): Dispatcher->_invoke(Object(LoginController), Object(CakeRequest), Object(CakeResponse))
#16 C:\workspace\caketest\app\admin\webroot\index.php(100): Dispatcher->dispatch(Object(CakeRequest), Object(CakeResponse))
#17 {main}
2012-04-09 16:43:16 Error: [MissingActionException] Action AppController::admin() could not be found.
#0 C:\workspace\caketest\lib\Cake\Routing\Dispatcher.php(103): Controller->invokeAction(Object(CakeRequest))
#1 C:\workspace\caketest\lib\Cake\Routing\Dispatcher.php(85): Dispatcher->_invoke(Object(AppController), Object(CakeRequest), Object(CakeResponse))
#2 C:\workspace\caketest\app\admin\webroot\index.php(100): Dispatcher->dispatch(Object(CakeRequest), Object(CakeResponse))
#3 {main}
2012-04-09 16:43:16 Error: [MissingActionException] Action AppController::admin() could not be found.
#0 C:\workspace\caketest\lib\Cake\Routing\Dispatcher.php(103): Controller->invokeAction(Object(CakeRequest))
#1 C:\workspace\caketest\lib\Cake\Routing\Dispatcher.php(85): Dispatcher->_invoke(Object(AppController), Object(CakeRequest), Object(CakeResponse))
#2 C:\workspace\caketest\app\admin\webroot\index.php(100): Dispatcher->dispatch(Object(CakeRequest), Object(CakeResponse))
#3 {main}
2012-04-09 16:43:16 Error: [MissingActionException] Action AppController::admin() could not be found.
#0 C:\workspace\caketest\lib\Cake\Routing\Dispatcher.php(103): Controller->invokeAction(Object(CakeRequest))
#1 C:\workspace\caketest\lib\Cake\Routing\Dispatcher.php(85): Dispatcher->_invoke(Object(AppController), Object(CakeRequest), Object(CakeResponse))
#2 C:\workspace\caketest\app\admin\webroot\index.php(100): Dispatcher->dispatch(Object(CakeRequest), Object(CakeResponse))
#3 {main}
2012-04-09 16:46:10 Error: [MissingViewException] View file "C:\workspace\caketest\app\View\Login\index.ctp" is missing.
#0 C:\workspace\caketest\lib\Cake\View\View.php(460): View->_getViewFileName(NULL)
#1 C:\workspace\caketest\lib\Cake\Controller\Controller.php(959): View->render(NULL, NULL)
#2 C:\workspace\caketest\lib\Cake\Routing\Dispatcher.php(110): Controller->render()
#3 C:\workspace\caketest\lib\Cake\Routing\Dispatcher.php(85): Dispatcher->_invoke(Object(LoginController), Object(CakeRequest), Object(CakeResponse))
#4 C:\workspace\caketest\app\admin\webroot\index.php(100): Dispatcher->dispatch(Object(CakeRequest), Object(CakeResponse))
#5 {main}
2012-04-09 16:46:25 Error: [MissingConnectionException] Database connection "SQLSTATE[42000] [1049] Unknown database 'database_name'" is missing, or could not be created.
#0 C:\workspace\caketest\lib\Cake\Model\Datasource\DboSource.php(245): Mysql->connect()
#1 C:\workspace\caketest\lib\Cake\Model\ConnectionManager.php(101): DboSource->__construct(Array)
#2 C:\workspace\caketest\lib\Cake\Model\Model.php(3372): ConnectionManager::getDataSource('default')
#3 C:\workspace\caketest\lib\Cake\Model\Model.php(1083): Model->setDataSource('default')
#4 C:\workspace\caketest\lib\Cake\Model\Model.php(3398): Model->setSource('Member')
#5 C:\workspace\caketest\lib\Cake\Model\Model.php(1276): Model->getDataSource()
#6 C:\workspace\caketest\lib\Cake\View\Helper\FormHelper.php(191): Model->schema()
#7 C:\workspace\caketest\lib\Cake\View\Helper\FormHelper.php(444): FormHelper->_introspectModel('Member', 'fields')
#8 C:\workspace\caketest\app\admin\tmp\smarty\compile\a08f0669af799b12a082ba57070948611b9b6c4a.file.index.tpl.php(29): FormHelper->create('Member', Array)
#9 C:\workspace\caketest\vendors\smarty\sysplugins\smarty_internal_templatebase.php(180): content_4f82f53a8a0ac8_10845463(Object(Smarty_Internal_Template))
#10 C:\workspace\caketest\vendors\smarty\sysplugins\smarty_internal_templatebase.php(374): Smarty_Internal_TemplateBase->fetch('C:\workspace\ca...', NULL, NULL, NULL, true)
#11 C:\workspace\caketest\app\View\SmartyView.php(53): Smarty_Internal_TemplateBase->display('C:\workspace\ca...')
#12 C:\workspace\caketest\lib\Cake\View\View.php(463): SmartyView->_render('C:\workspace\ca...')
#13 C:\workspace\caketest\lib\Cake\Controller\Controller.php(959): View->render(NULL, NULL)
#14 C:\workspace\caketest\lib\Cake\Routing\Dispatcher.php(110): Controller->render()
#15 C:\workspace\caketest\lib\Cake\Routing\Dispatcher.php(85): Dispatcher->_invoke(Object(LoginController), Object(CakeRequest), Object(CakeResponse))
#16 C:\workspace\caketest\app\admin\webroot\index.php(100): Dispatcher->dispatch(Object(CakeRequest), Object(CakeResponse))
#17 {main}
2012-04-09 16:46:32 Error: [MissingConnectionException] Database connection "SQLSTATE[42000] [1049] Unknown database 'database_name'" is missing, or could not be created.
#0 C:\workspace\caketest\lib\Cake\Model\Datasource\DboSource.php(245): Mysql->connect()
#1 C:\workspace\caketest\lib\Cake\Model\ConnectionManager.php(101): DboSource->__construct(Array)
#2 C:\workspace\caketest\lib\Cake\Model\Model.php(3372): ConnectionManager::getDataSource('default')
#3 C:\workspace\caketest\lib\Cake\Model\Model.php(1083): Model->setDataSource('default')
#4 C:\workspace\caketest\lib\Cake\Model\Model.php(3398): Model->setSource('Member')
#5 C:\workspace\caketest\lib\Cake\Model\Model.php(1276): Model->getDataSource()
#6 C:\workspace\caketest\lib\Cake\View\Helper\FormHelper.php(191): Model->schema()
#7 C:\workspace\caketest\lib\Cake\View\Helper\FormHelper.php(444): FormHelper->_introspectModel('Member', 'fields')
#8 C:\workspace\caketest\app\admin\tmp\smarty\compile\a08f0669af799b12a082ba57070948611b9b6c4a.file.index.tpl.php(29): FormHelper->create('Member', Array)
#9 C:\workspace\caketest\vendors\smarty\sysplugins\smarty_internal_templatebase.php(180): content_4f82f53a8a0ac8_10845463(Object(Smarty_Internal_Template))
#10 C:\workspace\caketest\vendors\smarty\sysplugins\smarty_internal_templatebase.php(374): Smarty_Internal_TemplateBase->fetch('C:\workspace\ca...', NULL, NULL, NULL, true)
#11 C:\workspace\caketest\app\View\SmartyView.php(53): Smarty_Internal_TemplateBase->display('C:\workspace\ca...')
#12 C:\workspace\caketest\lib\Cake\View\View.php(463): SmartyView->_render('C:\workspace\ca...')
#13 C:\workspace\caketest\lib\Cake\Controller\Controller.php(959): View->render(NULL, NULL)
#14 C:\workspace\caketest\lib\Cake\Routing\Dispatcher.php(110): Controller->render()
#15 C:\workspace\caketest\lib\Cake\Routing\Dispatcher.php(85): Dispatcher->_invoke(Object(LoginController), Object(CakeRequest), Object(CakeResponse))
#16 C:\workspace\caketest\app\admin\webroot\index.php(100): Dispatcher->dispatch(Object(CakeRequest), Object(CakeResponse))
#17 {main}
2012-04-09 16:46:35 Error: [MissingConnectionException] Database connection "SQLSTATE[42000] [1049] Unknown database 'database_name'" is missing, or could not be created.
#0 C:\workspace\caketest\lib\Cake\Model\Datasource\DboSource.php(245): Mysql->connect()
#1 C:\workspace\caketest\lib\Cake\Model\ConnectionManager.php(101): DboSource->__construct(Array)
#2 C:\workspace\caketest\lib\Cake\Model\Model.php(3372): ConnectionManager::getDataSource('default')
#3 C:\workspace\caketest\lib\Cake\Model\Model.php(1083): Model->setDataSource('default')
#4 C:\workspace\caketest\lib\Cake\Model\Model.php(3398): Model->setSource('Member')
#5 C:\workspace\caketest\lib\Cake\Model\Model.php(1276): Model->getDataSource()
#6 C:\workspace\caketest\lib\Cake\View\Helper\FormHelper.php(191): Model->schema()
#7 C:\workspace\caketest\lib\Cake\View\Helper\FormHelper.php(444): FormHelper->_introspectModel('Member', 'fields')
#8 C:\workspace\caketest\app\admin\tmp\smarty\compile\a08f0669af799b12a082ba57070948611b9b6c4a.file.index.tpl.php(29): FormHelper->create('Member', Array)
#9 C:\workspace\caketest\vendors\smarty\sysplugins\smarty_internal_templatebase.php(180): content_4f82f53a8a0ac8_10845463(Object(Smarty_Internal_Template))
#10 C:\workspace\caketest\vendors\smarty\sysplugins\smarty_internal_templatebase.php(374): Smarty_Internal_TemplateBase->fetch('C:\workspace\ca...', NULL, NULL, NULL, true)
#11 C:\workspace\caketest\app\View\SmartyView.php(53): Smarty_Internal_TemplateBase->display('C:\workspace\ca...')
#12 C:\workspace\caketest\lib\Cake\View\View.php(463): SmartyView->_render('C:\workspace\ca...')
#13 C:\workspace\caketest\lib\Cake\Controller\Controller.php(959): View->render(NULL, NULL)
#14 C:\workspace\caketest\lib\Cake\Routing\Dispatcher.php(110): Controller->render()
#15 C:\workspace\caketest\lib\Cake\Routing\Dispatcher.php(85): Dispatcher->_invoke(Object(LoginController), Object(CakeRequest), Object(CakeResponse))
#16 C:\workspace\caketest\app\admin\webroot\index.php(100): Dispatcher->dispatch(Object(CakeRequest), Object(CakeResponse))
#17 {main}
